<?xml version="1.0" encoding="UTF-8"?>
<!-- Generated by org.testng.reporters.JUnitXMLReporter -->
<testsuite ignored="0" hostname="Teju" failures="1" tests="3" name="Error validations" time="29.674" errors="0" timestamp="2024-08-28T18:00:03 IST">
  <testcase classname="Frameworkpractice.tests.ErrorValidations" name="LoginErrorValidation" time="0.781">
    <skipped/>
  </testcase> <!-- LoginErrorValidation -->
  <testcase classname="Frameworkpractice.tests.ErrorValidations" name="LoginErrorValidation" time="0.794">
    <failure type="java.lang.AssertionError" message="expected [Incorrect email or password.] but found [Incorrect email password.]">
      <![CDATA[java.lang.AssertionError: expected [Incorrect email or password.] but found [Incorrect email password.]
at Frameworkpractice.tests.ErrorValidations.LoginErrorValidation(ErrorValidations.java:33)
at java.base/java.util.ArrayList.forEach(ArrayList.java:1511)
at java.base/java.util.concurrent.FutureTask.run(FutureTask.java:264)
at java.base/java.util.concurrent.ThreadPoolExecutor.runWorker(ThreadPoolExecutor.java:1136)
at java.base/java.util.concurrent.ThreadPoolExecutor$Worker.run(ThreadPoolExecutor.java:635)
at java.base/java.lang.Thread.run(Thread.java:840)
... Removed 23 stack frames]]>
    </failure>
  </testcase> <!-- LoginErrorValidation -->
  <testcase classname="Frameworkpractice.tests.ErrorValidations" name="ProductErrorValidation" time="9.76"/>
</testsuite> <!-- Error validations -->
