<?xml version="1.0" encoding="UTF-8"?>
<!-- Generated by org.testng.reporters.JUnitXMLReporter -->
<testsuite ignored="0" hostname="Teju" failures="0" tests="3" name="Submit Order Test" time="35.681" errors="0" timestamp="2024-08-28T18:00:07 IST">
  <testcase classname="Frameworkpractice.tests.SubmitOrderTest" name="submitOrder" time="7.942"/>
  <testcase classname="Frameworkpractice.tests.SubmitOrderTest" name="submitOrder" time="10.851"/>
  <testcase classname="Frameworkpractice.tests.SubmitOrderTest" name="OrderHistoryTest" time="1.069"/>
</testsuite> <!-- Submit Order Test -->
